[01m[K/home/jiu/OPENCV_WS/src/my_ros2_opencv_pkg/src/ros2_opencv.cpp:[m[K In function â€˜[01m[Kint main()[m[Kâ€™:
[01m[K/home/jiu/OPENCV_WS/src/my_ros2_opencv_pkg/src/ros2_opencv.cpp:38:7:[m[K [01;31m[Kerror: [m[Kâ€˜[01m[Kcv2[m[Kâ€™ was not declared in this scope; did you mean â€˜[01m[Kcv[m[Kâ€™?
   38 |       [01;31m[Kcv2[m[K.putText(frame, "man", (x, y - 10), cv2.FONT_HERSHEY_SIMPLEX, 0.5,
      |       [01;31m[K^~~[m[K
      |       [32m[Kcv[m[K
[01m[K/home/jiu/OPENCV_WS/src/my_ros2_opencv_pkg/src/ros2_opencv.cpp:38:34:[m[K [01;31m[Kerror: [m[Kâ€˜[01m[Kx[m[Kâ€™ was not declared in this scope
   38 |       cv2.putText(frame, "man", ([01;31m[Kx[m[K, y - 10), cv2.FONT_HERSHEY_SIMPLEX, 0.5,
      |                                  [01;31m[K^[m[K
[01m[K/home/jiu/OPENCV_WS/src/my_ros2_opencv_pkg/src/ros2_opencv.cpp:38:37:[m[K [01;31m[Kerror: [m[Kâ€˜[01m[Ky[m[Kâ€™ was not declared in this scope; did you mean â€˜[01m[Kyn[m[Kâ€™?
   38 |       cv2.putText(frame, "man", (x, [01;31m[Ky[m[K - 10), cv2.FONT_HERSHEY_SIMPLEX, 0.5,
      |                                     [01;31m[K^[m[K
      |                                     [32m[Kyn[m[K
[01m[K/home/jiu/OPENCV_WS/src/my_ros2_opencv_pkg/src/ros2_opencv.cpp:39:20:[m[K [01;35m[Kwarning: [m[Kleft operand of comma operator has no effect [[01;35m[K-Wunused-value[m[K]
   39 |                   ([01;35m[K0[m[K, 255, 0), 2)
      |                    [01;35m[K^[m[K
[01m[K/home/jiu/OPENCV_WS/src/my_ros2_opencv_pkg/src/ros2_opencv.cpp:39:28:[m[K [01;35m[Kwarning: [m[Kright operand of comma operator has no effect [[01;35m[K-Wunused-value[m[K]
   39 |                   (0, 255, [01;35m[K0[m[K), 2)
      |                            [01;35m[K^[m[K
make[2]: *** [CMakeFiles/ros2_opencv.dir/build.make:63: CMakeFiles/ros2_opencv.dir/src/ros2_opencv.cpp.o] Error 1
make[1]: *** [CMakeFiles/Makefile2:105: CMakeFiles/ros2_opencv.dir/all] Error 2
make: *** [Makefile:141: all] Error 2
