[0.173s] Invoking command in '/home/jiu/OPENCV_WS/build/my_ros2_opencv_pkg': CMAKE_PREFIX_PATH=${CMAKE_PREFIX_PATH}:/opt/ros/galactic /usr/bin/cmake --build /home/jiu/OPENCV_WS/build/my_ros2_opencv_pkg -- -j16 -l16
[0.235s] [35m[1mScanning dependencies of target ros2_opencv[0m
[0.266s] [ 50%] [32mBuilding CXX object CMakeFiles/ros2_opencv.dir/src/ros2_opencv.cpp.o[0m
[2.106s] [01m[K/home/jiu/OPENCV_WS/src/my_ros2_opencv_pkg/src/ros2_opencv.cpp:[m[K In function â€˜[01m[Kint main()[m[Kâ€™:
[2.106s] [01m[K/home/jiu/OPENCV_WS/src/my_ros2_opencv_pkg/src/ros2_opencv.cpp:38:7:[m[K [01;31m[Kerror: [m[Kâ€˜[01m[Kcv2[m[Kâ€™ was not declared in this scope; did you mean â€˜[01m[Kcv[m[Kâ€™?
[2.106s]    38 |       [01;31m[Kcv2[m[K.putText(frame, "man", (x, y - 10), cv2.FONT_HERSHEY_SIMPLEX, 0.5,
[2.106s]       |       [01;31m[K^~~[m[K
[2.106s]       |       [32m[Kcv[m[K
[2.107s] [01m[K/home/jiu/OPENCV_WS/src/my_ros2_opencv_pkg/src/ros2_opencv.cpp:38:34:[m[K [01;31m[Kerror: [m[Kâ€˜[01m[Kx[m[Kâ€™ was not declared in this scope
[2.107s]    38 |       cv2.putText(frame, "man", ([01;31m[Kx[m[K, y - 10), cv2.FONT_HERSHEY_SIMPLEX, 0.5,
[2.107s]       |                                  [01;31m[K^[m[K
[2.108s] [01m[K/home/jiu/OPENCV_WS/src/my_ros2_opencv_pkg/src/ros2_opencv.cpp:38:37:[m[K [01;31m[Kerror: [m[Kâ€˜[01m[Ky[m[Kâ€™ was not declared in this scope; did you mean â€˜[01m[Kyn[m[Kâ€™?
[2.108s]    38 |       cv2.putText(frame, "man", (x, [01;31m[Ky[m[K - 10), cv2.FONT_HERSHEY_SIMPLEX, 0.5,
[2.109s]       |                                     [01;31m[K^[m[K
[2.109s]       |                                     [32m[Kyn[m[K
[2.109s] [01m[K/home/jiu/OPENCV_WS/src/my_ros2_opencv_pkg/src/ros2_opencv.cpp:39:20:[m[K [01;35m[Kwarning: [m[Kleft operand of comma operator has no effect [[01;35m[K-Wunused-value[m[K]
[2.109s]    39 |                   ([01;35m[K0[m[K, 255, 0), 2)
[2.109s]       |                    [01;35m[K^[m[K
[2.109s] [01m[K/home/jiu/OPENCV_WS/src/my_ros2_opencv_pkg/src/ros2_opencv.cpp:39:28:[m[K [01;35m[Kwarning: [m[Kright operand of comma operator has no effect [[01;35m[K-Wunused-value[m[K]
[2.109s]    39 |                   (0, 255, [01;35m[K0[m[K), 2)
[2.109s]       |                            [01;35m[K^[m[K
[2.623s] make[2]: *** [CMakeFiles/ros2_opencv.dir/build.make:63: CMakeFiles/ros2_opencv.dir/src/ros2_opencv.cpp.o] Error 1
[2.623s] make[1]: *** [CMakeFiles/Makefile2:105: CMakeFiles/ros2_opencv.dir/all] Error 2
[2.624s] make: *** [Makefile:141: all] Error 2
[2.627s] Invoked command in '/home/jiu/OPENCV_WS/build/my_ros2_opencv_pkg' returned '2': CMAKE_PREFIX_PATH=${CMAKE_PREFIX_PATH}:/opt/ros/galactic /usr/bin/cmake --build /home/jiu/OPENCV_WS/build/my_ros2_opencv_pkg -- -j16 -l16
